<?xml version="1.0" encoding="UTF-8"?>
<testsuite name="hu.vadasz.peter.knockmessenger.Controllers.Validators.UserValidatorTest" tests="10" skipped="0" failures="0" errors="0" timestamp="2018-05-13T14:19:48" hostname="DESKTOP-GBLJLQR" time="0.01">
  <properties/>
  <testcase name="testTelephoneIsValid_NumberIsValidWithoutPlusSymbolShouldReturnTrue" classname="hu.vadasz.peter.knockmessenger.Controllers.Validators.UserValidatorTest" time="0.001"/>
  <testcase name="testTelephoneIsValid_NumberIsNullShouldReturnFalse" classname="hu.vadasz.peter.knockmessenger.Controllers.Validators.UserValidatorTest" time="0.001"/>
  <testcase name="testTelephoneIsValid_NumberIsTooShortShouldReturnFalse" classname="hu.vadasz.peter.knockmessenger.Controllers.Validators.UserValidatorTest" time="0.001"/>
  <testcase name="testTelephoneIsValid_NumberIsValidWithPlusSymbolShouldReturnTrue" classname="hu.vadasz.peter.knockmessenger.Controllers.Validators.UserValidatorTest" time="0.001"/>
  <testcase name="testTelephoneIsValid_NumberIsEmptyShouldReturnFalse" classname="hu.vadasz.peter.knockmessenger.Controllers.Validators.UserValidatorTest" time="0.001"/>
  <testcase name="testUserIsValid_UserIsCorrectShouldReturnTrue" classname="hu.vadasz.peter.knockmessenger.Controllers.Validators.UserValidatorTest" time="0.001"/>
  <testcase name="testTelephoneIsValid_NumberContainsNonDigitCharactersShouldReturnFalse" classname="hu.vadasz.peter.knockmessenger.Controllers.Validators.UserValidatorTest" time="0.001"/>
  <testcase name="testTelephoneIsValid_NumbersSecondCharacterIsPlusShouldReturnFalse" classname="hu.vadasz.peter.knockmessenger.Controllers.Validators.UserValidatorTest" time="0.001"/>
  <testcase name="testUserIsValid_TelephoneIsIncorrectShouldReturnFalse" classname="hu.vadasz.peter.knockmessenger.Controllers.Validators.UserValidatorTest" time="0.0"/>
  <testcase name="testUserIsValid_NameIsEmptyShouldReturnFalse" classname="hu.vadasz.peter.knockmessenger.Controllers.Validators.UserValidatorTest" time="0.001"/>
  <system-out><![CDATA[]]></system-out>
  <system-err><![CDATA[]]></system-err>
</testsuite>
